Using pre-set license
Built from '2020.2/staging' branch; Version is '2020.2.7f1 (c53830e277f1) revision 12924976'; Using compiler version '192528614'; Build Type 'Release'
OS: 'Windows 10 Home; OS build 19041.867; Version 2004; 64bit' Language: 'en' Physical Memory: 16326 MB
BatchMode: 1, IsHumanControllingUs: 0, StartBugReporterOnCrash: 0, Is64bit: 1, IsPro: 0

 COMMAND LINE ARGUMENTS:
C:\Program Files\Unity\Editor\Unity.exe
-adb2
-batchMode
-noUpm
-name
AssetImportWorker0
-projectPath
C:/Users/andre/Documents/Unity/TBD-2DGame-BITS-G7/UFO Game
-logFile
Logs/AssetImportWorker0.log
-srvPort
58035
Successfully changed project path to: C:/Users/andre/Documents/Unity/TBD-2DGame-BITS-G7/UFO Game
C:/Users/andre/Documents/Unity/TBD-2DGame-BITS-G7/UFO Game
Using Asset Import Pipeline V2.
Refreshing native plugins compatible for Editor in 33.90 ms, found 1 plugins.
Preloading 0 native plugins for Editor in 0.00 ms.
Initialize engine version: 2020.2.7f1 (c53830e277f1)
[Subsystems] Discovering subsystems at path C:/Program Files/Unity/Editor/Data/Resources/UnitySubsystems
[Subsystems] Discovering subsystems at path C:/Users/andre/Documents/Unity/TBD-2DGame-BITS-G7/UFO Game/Assets
GfxDevice: creating device client; threaded=0
Direct3D:
    Version:  Direct3D 11.0 [level 11.1]
    Renderer: Radeon RX 570 Series (ID=0x67df)
    Vendor:   
    VRAM:     8171 MB
    Driver:   27.20.12033.2007
Initialize mono
Mono path[0] = 'C:/Program Files/Unity/Editor/Data/Managed'
Mono path[1] = 'C:/Program Files/Unity/Editor/Data/MonoBleedingEdge/lib/mono/unityjit'
Mono config path = 'C:/Program Files/Unity/Editor/Data/MonoBleedingEdge/etc'
Using monoOptions --debugger-agent=transport=dt_socket,embedding=1,server=y,suspend=n,address=127.0.0.1:56132
Begin MonoManager ReloadAssembly
Registering precompiled unity dll's ...
Register platform support module: C:/Program Files/Unity/Editor/Data/PlaybackEngines/WindowsStandaloneSupport/UnityEditor.WindowsStandalone.Extensions.dll
Registered in 0.001995 seconds.
Native extension for WindowsStandalone target not found
Refreshing native plugins compatible for Editor in 32.61 ms, found 1 plugins.
Preloading 0 native plugins for Editor in 0.00 ms.
Invoked RoslynAnalysisRunner static constructor.
RoslynAnalysisRunner will not be running.
RoslynAnalysisRunner has terminated.
Mono: successfully reloaded assembly
- Completed reload, in  0.869 seconds
Platform modules already initialized, skipping
Registering precompiled user dll's ...
Registered in 0.001019 seconds.
Begin MonoManager ReloadAssembly
Native extension for WindowsStandalone target not found
Refreshing native plugins compatible for Editor in 34.59 ms, found 1 plugins.
Preloading 0 native plugins for Editor in 0.00 ms.
Invoked RoslynAnalysisRunner static constructor.
RoslynAnalysisRunner will not be running.
RoslynAnalysisRunner has terminated.
Mono: successfully reloaded assembly
- Completed reload, in  0.828 seconds
Platform modules already initialized, skipping
========================================================================
Worker process is ready to serve import requests
Launched and connected shader compiler UnityShaderCompiler.exe after 0.04 seconds
Refreshing native plugins compatible for Editor in 0.33 ms, found 1 plugins.
Preloading 0 native plugins for Editor in 0.00 ms.
Unloading 1811 Unused Serialized files (Serialized files now loaded: 0)
System memory in use before: 97.7 MB.
System memory in use after: 97.8 MB.

Unloading 18 unused Assets to reduce memory usage. Loaded Objects now: 2278.
Total: 1.853400 ms (FindLiveObjects: 0.161000 ms CreateObjectMapping: 0.060600 ms MarkObjects: 1.612900 ms  DeleteObjects: 0.017800 ms)

========================================================================
Received Import Request.
  path: Assets/Audio/SFX/UFOIdle.wav
  artifactKey: Guid(9112f1ab347c3a74ca3f4984eb41f6a2) Importer(815301076,1909f56bfc062723c751e8b465ee728b)
Start importing Assets/Audio/SFX/UFOIdle.wav using Guid(9112f1ab347c3a74ca3f4984eb41f6a2) Importer(815301076,1909f56bfc062723c751e8b465ee728b)  -> (artifact id: '77d64ff380c4b650414d8a21b60cff98') in 0.147369 seconds
  Import took 0.152223 seconds .

========================================================================
Received Prepare
Refreshing native plugins compatible for Editor in 1.65 ms, found 1 plugins.
Preloading 0 native plugins for Editor in 0.00 ms.
Unloading 6 Unused Serialized files (Serialized files now loaded: 0)
System memory in use before: 65.0 MB.
System memory in use after: 65.1 MB.

Unloading 5 unused Assets to reduce memory usage. Loaded Objects now: 2287.
Total: 2.109700 ms (FindLiveObjects: 0.168600 ms CreateObjectMapping: 0.067500 ms MarkObjects: 1.860900 ms  DeleteObjects: 0.011800 ms)

========================================================================
Received Import Request.
  Time since last request: 78.928587 seconds.
  path: Assets/Audio/SFX/UFOIdleCont.wav
  artifactKey: Guid(978a9367323b0324987ebd942cd95935) Importer(815301076,1909f56bfc062723c751e8b465ee728b)
Start importing Assets/Audio/SFX/UFOIdleCont.wav using Guid(978a9367323b0324987ebd942cd95935) Importer(815301076,1909f56bfc062723c751e8b465ee728b)  -> (artifact id: '18ef6fa1be196535e43332545b0b20ea') in 0.019362 seconds
  Import took 0.022135 seconds .

========================================================================
Received Import Request.
  Time since last request: 0.000775 seconds.
  path: Assets/Audio/SFX/UFOIdleCont.wav
  artifactKey: Guid(978a9367323b0324987ebd942cd95935) Importer(815301076,1909f56bfc062723c751e8b465ee728b)
Start importing Assets/Audio/SFX/UFOIdleCont.wav using Guid(978a9367323b0324987ebd942cd95935) Importer(815301076,1909f56bfc062723c751e8b465ee728b)  -> (artifact id: '18ef6fa1be196535e43332545b0b20ea') in 0.009078 seconds
  Import took 0.011874 seconds .

========================================================================
Received Prepare
Registering precompiled user dll's ...
Registered in 0.000983 seconds.
Begin MonoManager ReloadAssembly
Native extension for WindowsStandalone target not found
Refreshing native plugins compatible for Editor in 0.33 ms, found 1 plugins.
Preloading 0 native plugins for Editor in 0.00 ms.
Invoked RoslynAnalysisRunner static constructor.
RoslynAnalysisRunner will not be running.
RoslynAnalysisRunner has terminated.
Mono: successfully reloaded assembly
- Completed reload, in  0.750 seconds
Platform modules already initialized, skipping
Refreshing native plugins compatible for Editor in 0.31 ms, found 1 plugins.
Preloading 0 native plugins for Editor in 0.00 ms.
Unloading 1802 Unused Serialized files (Serialized files now loaded: 0)
System memory in use before: 100.6 MB.
System memory in use after: 100.7 MB.

Unloading 8 unused Assets to reduce memory usage. Loaded Objects now: 2290.
Total: 1.821200 ms (FindLiveObjects: 0.156100 ms CreateObjectMapping: 0.058000 ms MarkObjects: 1.592500 ms  DeleteObjects: 0.013300 ms)

========================================================================
Received Prepare
Registering precompiled user dll's ...
Registered in 0.000949 seconds.
Begin MonoManager ReloadAssembly
Native extension for WindowsStandalone target not found
Refreshing native plugins compatible for Editor in 0.32 ms, found 1 plugins.
Preloading 0 native plugins for Editor in 0.00 ms.
Invoked RoslynAnalysisRunner static constructor.
RoslynAnalysisRunner will not be running.
RoslynAnalysisRunner has terminated.
Mono: successfully reloaded assembly
- Completed reload, in  0.734 seconds
Platform modules already initialized, skipping
Refreshing native plugins compatible for Editor in 0.31 ms, found 1 plugins.
Preloading 0 native plugins for Editor in 0.00 ms.
Unloading 1802 Unused Serialized files (Serialized files now loaded: 0)
System memory in use before: 100.6 MB.
System memory in use after: 100.7 MB.

Unloading 8 unused Assets to reduce memory usage. Loaded Objects now: 2293.
Total: 1.793300 ms (FindLiveObjects: 0.174100 ms CreateObjectMapping: 0.062400 ms MarkObjects: 1.541800 ms  DeleteObjects: 0.014100 ms)

========================================================================
Received Prepare
Registering precompiled user dll's ...
Registered in 0.000997 seconds.
Begin MonoManager ReloadAssembly
Native extension for WindowsStandalone target not found
Refreshing native plugins compatible for Editor in 0.32 ms, found 1 plugins.
Preloading 0 native plugins for Editor in 0.00 ms.
Invoked RoslynAnalysisRunner static constructor.
RoslynAnalysisRunner will not be running.
RoslynAnalysisRunner has terminated.
Mono: successfully reloaded assembly
- Completed reload, in  0.741 seconds
Platform modules already initialized, skipping
Refreshing native plugins compatible for Editor in 0.32 ms, found 1 plugins.
Preloading 0 native plugins for Editor in 0.00 ms.
Unloading 1802 Unused Serialized files (Serialized files now loaded: 0)
System memory in use before: 100.6 MB.
System memory in use after: 100.7 MB.

Unloading 8 unused Assets to reduce memory usage. Loaded Objects now: 2296.
Total: 1.755200 ms (FindLiveObjects: 0.219200 ms CreateObjectMapping: 0.076100 ms MarkObjects: 1.443300 ms  DeleteObjects: 0.015500 ms)

========================================================================
Received Prepare
Registering precompiled user dll's ...
Registered in 0.001173 seconds.
Begin MonoManager ReloadAssembly
Native extension for WindowsStandalone target not found
Refreshing native plugins compatible for Editor in 0.33 ms, found 1 plugins.
Preloading 0 native plugins for Editor in 0.00 ms.
Invoked RoslynAnalysisRunner static constructor.
RoslynAnalysisRunner will not be running.
RoslynAnalysisRunner has terminated.
Mono: successfully reloaded assembly
- Completed reload, in  0.736 seconds
Platform modules already initialized, skipping
Refreshing native plugins compatible for Editor in 0.36 ms, found 1 plugins.
Preloading 0 native plugins for Editor in 0.00 ms.
Unloading 1802 Unused Serialized files (Serialized files now loaded: 0)
System memory in use before: 100.6 MB.
System memory in use after: 100.8 MB.

Unloading 8 unused Assets to reduce memory usage. Loaded Objects now: 2299.
Total: 1.739900 ms (FindLiveObjects: 0.172700 ms CreateObjectMapping: 0.067600 ms MarkObjects: 1.485100 ms  DeleteObjects: 0.013400 ms)

========================================================================
Received Import Request.
  Time since last request: 1341.040890 seconds.
  path: Assets/Scripts/PlayerMovement.cs
  artifactKey: Guid(beb130a5fc935a84c93e9709150d345d) Importer(815301076,1909f56bfc062723c751e8b465ee728b)
Start importing Assets/Scripts/PlayerMovement.cs using Guid(beb130a5fc935a84c93e9709150d345d) Importer(815301076,1909f56bfc062723c751e8b465ee728b)  -> (artifact id: '39b857819c31d6a74ae145fc9140d3c0') in 0.021943 seconds
  Import took 0.025443 seconds .

========================================================================
Received Import Request.
  Time since last request: 89.869592 seconds.
  path: Assets/Scripts/PlayerSound.cs
  artifactKey: Guid(5e948d1fdb32b2f48a523f00dbd07059) Importer(815301076,1909f56bfc062723c751e8b465ee728b)
Start importing Assets/Scripts/PlayerSound.cs using Guid(5e948d1fdb32b2f48a523f00dbd07059) Importer(815301076,1909f56bfc062723c751e8b465ee728b)  -> (artifact id: '87e70602d9f556c823b1f7a3db2dcd19') in 0.006739 seconds
  Import took 0.009994 seconds .

========================================================================
Received Prepare
Registering precompiled user dll's ...
Registered in 0.001111 seconds.
Begin MonoManager ReloadAssembly
Native extension for WindowsStandalone target not found
Refreshing native plugins compatible for Editor in 0.32 ms, found 1 plugins.
Preloading 0 native plugins for Editor in 0.00 ms.
Invoked RoslynAnalysisRunner static constructor.
RoslynAnalysisRunner will not be running.
RoslynAnalysisRunner has terminated.
Mono: successfully reloaded assembly
- Completed reload, in  0.744 seconds
Platform modules already initialized, skipping
Refreshing native plugins compatible for Editor in 0.31 ms, found 1 plugins.
Preloading 0 native plugins for Editor in 0.00 ms.
Unloading 1803 Unused Serialized files (Serialized files now loaded: 0)
System memory in use before: 100.7 MB.
System memory in use after: 100.8 MB.

Unloading 8 unused Assets to reduce memory usage. Loaded Objects now: 2303.
Total: 1.796400 ms (FindLiveObjects: 0.167400 ms CreateObjectMapping: 0.063700 ms MarkObjects: 1.549900 ms  DeleteObjects: 0.013900 ms)

========================================================================
Received Import Request.
  Time since last request: 207.934790 seconds.
  path: Assets/Audio/SFX/UFOIdleCont.wav
  artifactKey: Guid(978a9367323b0324987ebd942cd95935) Importer(815301076,1909f56bfc062723c751e8b465ee728b)
Start importing Assets/Audio/SFX/UFOIdleCont.wav using Guid(978a9367323b0324987ebd942cd95935) Importer(815301076,1909f56bfc062723c751e8b465ee728b)  -> (artifact id: 'ea9dbb156b37df24ae72a3019c994a68') in 0.049592 seconds
  Import took 0.052393 seconds .

========================================================================
Received Import Request.
  Time since last request: 1.273736 seconds.
  path: Assets/Audio/SFX/UFOmoving.wav
  artifactKey: Guid(fca8c08a0b2c27e4fb7b7af65996d16d) Importer(815301076,1909f56bfc062723c751e8b465ee728b)
Start importing Assets/Audio/SFX/UFOmoving.wav using Guid(fca8c08a0b2c27e4fb7b7af65996d16d) Importer(815301076,1909f56bfc062723c751e8b465ee728b)  -> (artifact id: '6846a3805817d44564fd9e1b4a5efb82') in 0.015845 seconds
  Import took 0.019769 seconds .

========================================================================
Received Import Request.
  Time since last request: 0.002352 seconds.
  path: Assets/Audio/SFX/UFOmoving.wav
  artifactKey: Guid(fca8c08a0b2c27e4fb7b7af65996d16d) Importer(815301076,1909f56bfc062723c751e8b465ee728b)
Start importing Assets/Audio/SFX/UFOmoving.wav using Guid(fca8c08a0b2c27e4fb7b7af65996d16d) Importer(815301076,1909f56bfc062723c751e8b465ee728b)  -> (artifact id: '6846a3805817d44564fd9e1b4a5efb82') in 0.008091 seconds
  Import took 0.010869 seconds .

========================================================================
Received Prepare
Registering precompiled user dll's ...
Registered in 0.000996 seconds.
Begin MonoManager ReloadAssembly
Native extension for WindowsStandalone target not found
Refreshing native plugins compatible for Editor in 0.32 ms, found 1 plugins.
Preloading 0 native plugins for Editor in 0.00 ms.
Invoked RoslynAnalysisRunner static constructor.
RoslynAnalysisRunner will not be running.
RoslynAnalysisRunner has terminated.
Mono: successfully reloaded assembly
- Completed reload, in  0.735 seconds
Platform modules already initialized, skipping
Refreshing native plugins compatible for Editor in 0.31 ms, found 1 plugins.
Preloading 0 native plugins for Editor in 0.00 ms.
Unloading 1803 Unused Serialized files (Serialized files now loaded: 0)
System memory in use before: 100.7 MB.
System memory in use after: 100.8 MB.

Unloading 8 unused Assets to reduce memory usage. Loaded Objects now: 2307.
Total: 1.927200 ms (FindLiveObjects: 0.158900 ms CreateObjectMapping: 0.060100 ms MarkObjects: 1.692300 ms  DeleteObjects: 0.014800 ms)

========================================================================
Received Import Request.
  Time since last request: 159.790872 seconds.
  path: Assets/Audio/SFX/HumanPickup.wav
  artifactKey: Guid(8b2a65fa45ebe5a468172cc71251583b) Importer(815301076,1909f56bfc062723c751e8b465ee728b)
Start importing Assets/Audio/SFX/HumanPickup.wav using Guid(8b2a65fa45ebe5a468172cc71251583b) Importer(815301076,1909f56bfc062723c751e8b465ee728b)  -> (artifact id: 'd1a4db4ee3fab713d32110f18bd1889a') in 0.044712 seconds
  Import took 0.049000 seconds .

========================================================================
Received Prepare
Registering precompiled user dll's ...
Registered in 0.001018 seconds.
Begin MonoManager ReloadAssembly
Native extension for WindowsStandalone target not found
Refreshing native plugins compatible for Editor in 0.34 ms, found 1 plugins.
Preloading 0 native plugins for Editor in 0.00 ms.
Invoked RoslynAnalysisRunner static constructor.
RoslynAnalysisRunner will not be running.
RoslynAnalysisRunner has terminated.
Mono: successfully reloaded assembly
- Completed reload, in  0.713 seconds
Platform modules already initialized, skipping
Refreshing native plugins compatible for Editor in 0.32 ms, found 1 plugins.
Preloading 0 native plugins for Editor in 0.00 ms.
Unloading 1803 Unused Serialized files (Serialized files now loaded: 0)
System memory in use before: 100.7 MB.
System memory in use after: 100.8 MB.

Unloading 8 unused Assets to reduce memory usage. Loaded Objects now: 2311.
Total: 1.744000 ms (FindLiveObjects: 0.161700 ms CreateObjectMapping: 0.061800 ms MarkObjects: 1.506200 ms  DeleteObjects: 0.013200 ms)

AssetImportWorkerClient::OnTransportError - code=2 error=End of file
